<?xml version="1.0" encoding="UTF-8"?>
<!-- Generated by org.testng.reporters.JUnitReportReporter -->
<testsuite skipped="0" hostname="DESKTOP-CHGLAQ3" name="com.magento.testCases.VerifyMobileListPageTest" tests="1" failures="0" timestamp="2022-08-14T18:48:55 IST" time="41.737" errors="0">
  <testcase name="verify_mobile_list_page" time="41.737" classname="com.magento.testCases.VerifyMobileListPageTest"/>
  <system-out/>
</testsuite> <!-- com.magento.testCases.VerifyMobileListPageTest -->
