<?xml version="1.0" encoding="UTF-8"?>
<!-- Generated by org.testng.reporters.JUnitReportReporter -->
<testsuite skipped="0" hostname="DESKTOP-CHGLAQ3" name="com.magento.testCases.LoginTest" tests="1" failures="0" timestamp="2022-08-20T19:27:07 IST" time="9.658" errors="0">
  <testcase name="validLogin" time="9.658" classname="com.magento.testCases.LoginTest"/>
  <system-out/>
</testsuite> <!-- com.magento.testCases.LoginTest -->
