<?xml version="1.0" encoding="UTF-8"?>
<!-- Generated by org.testng.reporters.JUnitReportReporter -->
<testsuite skipped="0" hostname="DESKTOP-CHGLAQ3" name="com.magento.testCases.DataDriventTest" tests="6" failures="0" timestamp="2022-08-14T20:22:12 IST" time="54.467" errors="0">
  <testcase name="invalidCredentails" time="9.648" classname="com.magento.testCases.DataDriventTest"/>
  <system-out/>
  <testcase name="invalidCredentails" time="9.022" classname="com.magento.testCases.DataDriventTest"/>
  <system-out/>
  <testcase name="invalidCredentails" time="9.101" classname="com.magento.testCases.DataDriventTest"/>
  <system-out/>
  <testcase name="invalidCredentails" time="9.612" classname="com.magento.testCases.DataDriventTest"/>
  <system-out/>
  <testcase name="invalidCredentails" time="7.919" classname="com.magento.testCases.DataDriventTest"/>
  <system-out/>
  <testcase name="invalidCredentails" time="9.165" classname="com.magento.testCases.DataDriventTest"/>
  <system-out/>
</testsuite> <!-- com.magento.testCases.DataDriventTest -->
